Build started 9/12/2013 10:31:53 PM.
     1>Project "C:\Users\Jake\Documents\GitHub\EQTrainer\injectdll2\injectdll2\injectdll2.vcxproj" on node 2 (build target(s)).
     1>InitializeBuildStatus:
         Creating "Debug\injectdll2.unsuccessfulbuild" because "AlwaysCreate" was specified.
       ClCompile:
         c:\Program Files (x86)\Microsoft Visual Studio 10.0\VC\bin\CL.exe /c /ZI /nologo /W3 /WX- /Od /Oy- /D WIN32 /D _DEBUG /D _WINDOWS /D _USRDLL /D INJECTDLL2_EXPORTS /D _WINDLL /D _UNICODE /D UNICODE /Gm /EHsc /RTC1 /MDd /GS /fp:precise /Zc:wchar_t /Zc:forScope /Fo"Debug\\" /Fd"Debug\vc100.pdb" /Gd /TP /analyze- /errorReport:prompt injectdll.cpp
         injectdll.cpp
       ManifestResourceCompile:
         All outputs are up-to-date.
       Link:
         c:\Program Files (x86)\Microsoft Visual Studio 10.0\VC\bin\link.exe /ERRORREPORT:PROMPT /OUT:"C:\Users\Jake\Documents\GitHub\EQTrainer\injectdll2\Debug\injectdll2.dll" /INCREMENTAL /NOLOGO kernel32.lib user32.lib gdi32.lib winspool.lib comdlg32.lib advapi32.lib shell32.lib ole32.lib oleaut32.lib uuid.lib odbc32.lib odbccp32.lib /MANIFEST /ManifestFile:"Debug\injectdll2.dll.intermediate.manifest" /MANIFESTUAC:"level='asInvoker' uiAccess='false'" /DEBUG /PDB:"C:\Users\Jake\Documents\GitHub\EQTrainer\injectdll2\Debug\injectdll2.pdb" /SUBSYSTEM:WINDOWS /TLBID:1 /DYNAMICBASE /NXCOMPAT /IMPLIB:"C:\Users\Jake\Documents\GitHub\EQTrainer\injectdll2\Debug\injectdll2.lib" /MACHINE:X86 /DLL Debug\injectdll2.dll.embed.manifest.res
         Debug\injectdll.obj
       Manifest:
         C:\Program Files (x86)\Microsoft SDKs\Windows\v7.0A\bin\mt.exe /nologo /verbose /out:"Debug\injectdll2.dll.embed.manifest" /manifest Debug\injectdll2.dll.intermediate.manifest
         All outputs are up-to-date.
       LinkEmbedManifest:
         All outputs are up-to-date.
         injectdll2.vcxproj -> C:\Users\Jake\Documents\GitHub\EQTrainer\injectdll2\Debug\injectdll2.dll
       FinalizeBuildStatus:
         Deleting file "Debug\injectdll2.unsuccessfulbuild".
         Touching "Debug\injectdll2.lastbuildstate".
     1>Done Building Project "C:\Users\Jake\Documents\GitHub\EQTrainer\injectdll2\injectdll2\injectdll2.vcxproj" (build target(s)).

Build succeeded.

Time Elapsed 00:00:01.49
